# JRE version: OpenJDK Runtime Environment Zulu19.30+11-CA (19.0.1+10) (build 19.0.1+10)
# Java VM: OpenJDK 64-Bit Server VM Zulu19.30+11-CA (19.0.1+10, mixed mode, sharing, tiered, compressed oops, compressed class ptrs, g1 gc, linux-amd64)
GC Precious Log:
 CardTable entry size: 512
 Card Set container configuration: InlinePtr #cards 4 size 8 Array Of Cards #cards 16 size 48 Howl #buckets 8 coarsen threshold 3686 Howl Bitmap #cards 512 size 80 coarsen threshold 460 Card regions per heap region 1 cards per card region 4096
 CPUs: 4 total, 4 available
 Memory: 11419M
 Large Page Support: Disabled
 NUMA Support: Disabled
 Compressed Oops: Enabled (Zero based)
 Heap Region Size: 2M
 Heap Min Capacity: 8M
 Heap Initial Capacity: 180M
 Heap Max Capacity: 2856M
 Pre-touch: Disabled
 Parallel Workers: 4
 Concurrent Workers: 1
 Concurrent Refinement Workers: 4
 Periodic GC: Disabled
Heap:
 garbage-first heap   total 188416K, used 59753K [0x000000074d800000, 0x0000000800000000)
  region size 2048K, 29 young (59392K), 4 survivors (8192K)
 Metaspace       used 6608K, committed 6784K, reserved 1114112K
  class space    used 590K, committed 640K, reserved 1048576K
GC Heap History (8 events):
Event: 4,839 GC heap before
{Heap before GC invocations=0 (full 0):
 garbage-first heap   total 188416K, used 12256K [0x000000074d800000, 0x0000000800000000)
  region size 2048K, 6 young (12288K), 0 survivors (0K)
 Metaspace       used 4656K, committed 4864K, reserved 1114112K
  class space    used 409K, committed 512K, reserved 1048576K
}
Event: 4,845 GC heap after
{Heap after GC invocations=1 (full 0):
 garbage-first heap   total 188416K, used 4304K [0x000000074d800000, 0x0000000800000000)
  region size 2048K, 1 young (2048K), 1 survivors (2048K)
 Metaspace       used 4656K, committed 4864K, reserved 1114112K
  class space    used 409K, committed 512K, reserved 1048576K
}
Event: 24,532 GC heap before
{Heap before GC invocations=1 (full 0):
 garbage-first heap   total 188416K, used 30928K [0x000000074d800000, 0x0000000800000000)
  region size 2048K, 10 young (20480K), 1 survivors (2048K)
 Metaspace       used 6585K, committed 6720K, reserved 1114112K
  class space    used 590K, committed 640K, reserved 1048576K
}
Event: 24,540 GC heap after
{Heap after GC invocations=2 (full 0):
 garbage-first heap   total 188416K, used 6352K [0x000000074d800000, 0x0000000800000000)
  region size 2048K, 2 young (4096K), 2 survivors (4096K)
 Metaspace       used 6585K, committed 6720K, reserved 1114112K
  class space    used 590K, committed 640K, reserved 1048576K
}
Event: 37,490 GC heap before
{Heap before GC invocations=2 (full 0):
 garbage-first heap   total 188416K, used 45264K [0x000000074d800000, 0x0000000800000000)
  region size 2048K, 21 young (43008K), 2 survivors (4096K)
 Metaspace       used 6607K, committed 6784K, reserved 1114112K
  class space    used 590K, committed 640K, reserved 1048576K
}
Event: 37,498 GC heap after
{Heap after GC invocations=3 (full 0):
 garbage-first heap   total 188416K, used 7076K [0x000000074d800000, 0x0000000800000000)
  region size 2048K, 2 young (4096K), 2 survivors (4096K)
 Metaspace       used 6607K, committed 6784K, reserved 1114112K
  class space    used 590K, committed 640K, reserved 1048576K
}
Event: 77,833 GC heap before
{Heap before GC invocations=3 (full 0):
 garbage-first heap   total 188416K, used 113572K [0x000000074d800000, 0x0000000800000000)
  region size 2048K, 54 young (110592K), 2 survivors (4096K)
 Metaspace       used 6608K, committed 6784K, reserved 1114112K
  class space    used 590K, committed 640K, reserved 1048576K
}
Event: 77,845 GC heap after
{Heap after GC invocations=4 (full 0):
 garbage-first heap   total 188416K, used 10601K [0x000000074d800000, 0x0000000800000000)
  region size 2048K, 4 young (8192K), 4 survivors (8192K)
 Metaspace       used 6608K, committed 6784K, reserved 1114112K
  class space    used 590K, committed 640K, reserved 1048576K
}

